/usr/local/lib/python2.7/site-packages/celery/platforms.py:796: RuntimeWarning: You're running the worker with superuser privileges: this is
absolutely not recommended!

Please specify a different user using the --uid option.

User information: uid=0 euid=0 gid=0 egid=0

  uid=uid, euid=euid, gid=gid, egid=egid,
[2019-11-14 09:21:45,068: INFO/MainProcess] Connected to redis://redis:6379//
[2019-11-14 09:21:45,087: INFO/MainProcess] mingle: searching for neighbors
[2019-11-14 09:21:46,120: INFO/MainProcess] mingle: all alone
[2019-11-14 09:21:46,165: WARNING/MainProcess] /usr/local/lib/python2.7/site-packages/celery/fixups/django.py:200: UserWarning: Using settings.DEBUG leads to a memory leak, never use this setting in production environments!
  warnings.warn('Using settings.DEBUG leads to a memory leak, never '
[2019-11-14 09:21:46,165: INFO/MainProcess] celery@f11cac94734b ready.

worker: Warm shutdown (MainProcess)
/usr/local/lib/python2.7/site-packages/celery/platforms.py:796: RuntimeWarning: You're running the worker with superuser privileges: this is
absolutely not recommended!

Please specify a different user using the --uid option.

User information: uid=0 euid=0 gid=0 egid=0

  uid=uid, euid=euid, gid=gid, egid=egid,
[2019-11-14 09:25:09,350: INFO/MainProcess] Connected to redis://redis:6379//
[2019-11-14 09:25:09,358: INFO/MainProcess] mingle: searching for neighbors
[2019-11-14 09:25:10,376: INFO/MainProcess] mingle: all alone
[2019-11-14 09:25:10,400: WARNING/MainProcess] /usr/local/lib/python2.7/site-packages/celery/fixups/django.py:200: UserWarning: Using settings.DEBUG leads to a memory leak, never use this setting in production environments!
  warnings.warn('Using settings.DEBUG leads to a memory leak, never '
[2019-11-14 09:25:10,400: INFO/MainProcess] celery@f11cac94734b ready.

worker: Warm shutdown (MainProcess)
/usr/local/lib/python2.7/site-packages/celery/platforms.py:796: RuntimeWarning: You're running the worker with superuser privileges: this is
absolutely not recommended!

Please specify a different user using the --uid option.

User information: uid=0 euid=0 gid=0 egid=0

  uid=uid, euid=euid, gid=gid, egid=egid,
[2019-11-14 09:26:49,050: INFO/MainProcess] Connected to redis://redis:6379//
[2019-11-14 09:26:49,058: INFO/MainProcess] mingle: searching for neighbors
[2019-11-14 09:26:50,083: INFO/MainProcess] mingle: all alone
[2019-11-14 09:26:50,107: WARNING/MainProcess] /usr/local/lib/python2.7/site-packages/celery/fixups/django.py:200: UserWarning: Using settings.DEBUG leads to a memory leak, never use this setting in production environments!
  warnings.warn('Using settings.DEBUG leads to a memory leak, never '
[2019-11-14 09:26:50,109: INFO/MainProcess] celery@f11cac94734b ready.

worker: Warm shutdown (MainProcess)
/usr/local/lib/python2.7/site-packages/celery/platforms.py:796: RuntimeWarning: You're running the worker with superuser privileges: this is
absolutely not recommended!

Please specify a different user using the --uid option.

User information: uid=0 euid=0 gid=0 egid=0

  uid=uid, euid=euid, gid=gid, egid=egid,
[2019-11-14 09:30:37,980: INFO/MainProcess] Connected to redis://redis:6379//
[2019-11-14 09:30:37,996: INFO/MainProcess] mingle: searching for neighbors
[2019-11-14 09:30:39,033: INFO/MainProcess] mingle: all alone
[2019-11-14 09:30:39,057: WARNING/MainProcess] /usr/local/lib/python2.7/site-packages/celery/fixups/django.py:200: UserWarning: Using settings.DEBUG leads to a memory leak, never use this setting in production environments!
  warnings.warn('Using settings.DEBUG leads to a memory leak, never '
[2019-11-14 09:30:39,057: INFO/MainProcess] celery@f11cac94734b ready.
[2019-11-14 09:31:04,444: INFO/MainProcess] Received task: todolist.tasks.adding_task[6e878071-6a34-4ef5-8657-8e63ee451ee8]  
[2019-11-14 09:31:04,484: WARNING/ForkPoolWorker-1] /usr/local/lib/python2.7/site-packages/django/db/models/fields/__init__.py:1447: RuntimeWarning: DateTimeField Task.start_date received a naive datetime (2019-11-13 23:23:00) while time zone support is active.
  RuntimeWarning)
[2019-11-14 09:31:04,501: INFO/ForkPoolWorker-1] Task todolist.tasks.adding_task[6e878071-6a34-4ef5-8657-8e63ee451ee8] succeeded in 0.052668841s: None

worker: Warm shutdown (MainProcess)
/usr/local/lib/python2.7/site-packages/celery/platforms.py:796: RuntimeWarning: You're running the worker with superuser privileges: this is
absolutely not recommended!

Please specify a different user using the --uid option.

User information: uid=0 euid=0 gid=0 egid=0

  uid=uid, euid=euid, gid=gid, egid=egid,
[2019-11-14 09:32:29,076: INFO/MainProcess] Connected to redis://redis:6379//
[2019-11-14 09:32:29,101: INFO/MainProcess] mingle: searching for neighbors
[2019-11-14 09:32:30,130: INFO/MainProcess] mingle: all alone
[2019-11-14 09:32:30,151: WARNING/MainProcess] /usr/local/lib/python2.7/site-packages/celery/fixups/django.py:200: UserWarning: Using settings.DEBUG leads to a memory leak, never use this setting in production environments!
  warnings.warn('Using settings.DEBUG leads to a memory leak, never '
[2019-11-14 09:32:30,151: INFO/MainProcess] celery@f11cac94734b ready.

worker: Warm shutdown (MainProcess)
/usr/local/lib/python2.7/site-packages/celery/platforms.py:796: RuntimeWarning: You're running the worker with superuser privileges: this is
absolutely not recommended!

Please specify a different user using the --uid option.

User information: uid=0 euid=0 gid=0 egid=0

  uid=uid, euid=euid, gid=gid, egid=egid,
[2019-11-14 09:33:59,870: INFO/MainProcess] Connected to redis://redis:6379//
[2019-11-14 09:33:59,877: INFO/MainProcess] mingle: searching for neighbors
[2019-11-14 09:34:00,896: INFO/MainProcess] mingle: all alone
[2019-11-14 09:34:00,916: WARNING/MainProcess] /usr/local/lib/python2.7/site-packages/celery/fixups/django.py:200: UserWarning: Using settings.DEBUG leads to a memory leak, never use this setting in production environments!
  warnings.warn('Using settings.DEBUG leads to a memory leak, never '
[2019-11-14 09:34:00,916: INFO/MainProcess] celery@f11cac94734b ready.
[2019-11-14 09:34:48,451: INFO/MainProcess] Received task: todolist.tasks.adding_task[70ad1ac4-92a1-4051-8e80-1fd2e50b4e40]  
[2019-11-14 09:34:48,470: WARNING/ForkPoolWorker-1] /usr/local/lib/python2.7/site-packages/django/db/models/fields/__init__.py:1447: RuntimeWarning: DateTimeField Task.start_date received a naive datetime (2019-11-13 23:23:00) while time zone support is active.
  RuntimeWarning)
[2019-11-14 09:34:48,480: INFO/ForkPoolWorker-1] Task todolist.tasks.adding_task[70ad1ac4-92a1-4051-8e80-1fd2e50b4e40] succeeded in 0.0258807739999s: None

worker: Warm shutdown (MainProcess)
/usr/local/lib/python2.7/site-packages/celery/platforms.py:796: RuntimeWarning: You're running the worker with superuser privileges: this is
absolutely not recommended!

Please specify a different user using the --uid option.

User information: uid=0 euid=0 gid=0 egid=0

  uid=uid, euid=euid, gid=gid, egid=egid,
[2019-11-14 09:36:30,767: INFO/MainProcess] Connected to redis://redis:6379//
[2019-11-14 09:36:30,781: INFO/MainProcess] mingle: searching for neighbors
[2019-11-14 09:36:31,808: INFO/MainProcess] mingle: all alone
[2019-11-14 09:36:31,826: WARNING/MainProcess] /usr/local/lib/python2.7/site-packages/celery/fixups/django.py:200: UserWarning: Using settings.DEBUG leads to a memory leak, never use this setting in production environments!
  warnings.warn('Using settings.DEBUG leads to a memory leak, never '
[2019-11-14 09:36:31,826: INFO/MainProcess] celery@f11cac94734b ready.
